2024/03/18 10:13:32 
######## REQUEST TARGET LIST ###########
2024/03/18 10:13:32 {"error":{"errorCode":"200","message":"Authentication Failed","details":"Invalid authentication information."}}
2024/03/18 10:13:32 not_found
2024/03/18 10:13:32 
######## REMOVE TARGET ###########
2024/03/18 10:13:32 Status: 400 Bad Request, Body: {
  "responseError": {
    "returnCode": "904",
    "returnMessage": "Please check your input value : [[not_found]]. Required format type : [number]. location : targetNoList.N"
  }
}
2024/03/18 10:13:45 
######## REQUEST TARGET LIST ###########
2024/03/18 10:13:45 {"error":{"errorCode":"200","message":"Authentication Failed","details":"Invalid authentication information."}}
2024/03/18 10:13:45 not_found
2024/03/18 10:13:45 
######## REMOVE TARGET ###########
2024/03/18 10:13:45 Status: 400 Bad Request, Body: {
  "responseError": {
    "returnCode": "904",
    "returnMessage": "Please check your input value : [[not_found]]. Required format type : [number]. location : targetNoList.N"
  }
}
2024/03/18 10:19:20 
######## REQUEST TARGET LIST ###########
2024/03/18 10:19:20 {"error":{"errorCode":"200","message":"Authentication Failed","details":"Invalid authentication information."}}
2024/03/18 10:19:20 not_found
2024/03/18 10:19:20 
######## REMOVE TARGET ###########
2024/03/18 10:19:20 Status: 400 Bad Request, Body: {
  "responseError": {
    "returnCode": "904",
    "returnMessage": "Please check your input value : [[not_found]]. Required format type : [number]. location : targetNoList.N"
  }
}
2024/03/18 10:23:27 
######## REQUEST TARGET LIST ###########
2024/03/18 10:23:27 {"error":{"errorCode":"200","message":"Authentication Failed","details":"Invalid authentication information."}}
2024/03/18 10:23:27 not_found
2024/03/18 10:23:27 
######## REMOVE TARGET ###########
2024/03/18 10:23:27 Status: 400 Bad Request, Body: {
  "responseError": {
    "returnCode": "904",
    "returnMessage": "Please check your input value : [[not_found]]. Required format type : [number]. location : targetNoList.N"
  }
}
2024/03/18 10:29:43 
######## REQUEST TARGET LIST ###########
2024/03/18 10:29:43 {"error":{"errorCode":"200","message":"Authentication Failed","details":"Invalid authentication information."}}
2024/03/18 10:29:43 not_found
2024/03/18 10:29:43 
######## REMOVE TARGET ###########
2024/03/18 10:29:44 Status: 400 Bad Request, Body: {
  "responseError": {
    "returnCode": "904",
    "returnMessage": "Please check your input value : [[not_found]]. Required format type : [number]. location : targetNoList.N"
  }
}
2024/03/18 10:30:13 
######## REQUEST TARGET LIST ###########
2024/03/18 10:30:13 {"error":{"errorCode":"200","message":"Authentication Failed","details":"Invalid authentication information."}}
2024/03/18 10:30:13 not_found
2024/03/18 10:30:13 
######## REMOVE TARGET ###########
2024/03/18 10:30:13 Status: 400 Bad Request, Body: {
  "responseError": {
    "returnCode": "904",
    "returnMessage": "Please check your input value : [[not_found]]. Required format type : [number]. location : targetNoList.N"
  }
}
2024/03/18 10:43:20 
######## REQUEST TARGET LIST ###########
2024/03/18 10:43:20 20099993
2024/03/18 10:43:20 
######## REMOVE TARGET ###########
2024/03/18 10:43:20 abc0ebf9-f14c-4dc3-a69c-87cf4559831f
2024/03/18 10:43:20 0
2024/03/18 10:43:20 success
2024/03/18 10:43:27 
######## REQUEST TARGET LIST ###########
2024/03/18 10:43:27 target with name prod-hamonica-node-01 not found
2024/03/18 10:43:27 {
  "getTargetListResponse": {
    "totalRows": 1,
    "targetList": [
      {
        "targetNo": "20099956",
        "targetName": "prod-hamonica-admin",
        "targetIp": "192.168.5.11",
        "healthCheckStatus": {
          "code": "UP",
          "codeName": "Health UP state"
        },
        "healthCheckResponse": "HTTP/200"
      }
    ],
    "requestId": "0f3d59ba-132c-47fe-a325-3977f3b1e344",
    "returnCode": "0",
    "returnMessage": "success"
  }
}
2024/03/18 10:43:27 not_found
2024/03/18 10:43:27 
######## ADD TARGET ###########
2024/03/18 10:43:27 Status: 400 Bad Request, Body: {
  "responseError": {
    "returnCode": "904",
    "returnMessage": "Please check your input value : [[not_found]]. Required format type : [number]. location : targetNoList.N"
  }
}
2024/03/18 10:43:47 
######## REQUEST TARGET LIST ###########
2024/03/18 10:43:47 target with name prod-hamonica-node-01 not found
2024/03/18 10:43:47 {
  "getTargetListResponse": {
    "totalRows": 1,
    "targetList": [
      {
        "targetNo": "20099956",
        "targetName": "prod-hamonica-admin",
        "targetIp": "192.168.5.11",
        "healthCheckStatus": {
          "code": "UP",
          "codeName": "Health UP state"
        },
        "healthCheckResponse": "HTTP/200"
      }
    ],
    "requestId": "c8f98b98-050e-4a33-91ea-1e62d82b0fde",
    "returnCode": "0",
    "returnMessage": "success"
  }
}
2024/03/18 10:43:47 not_found
2024/03/18 10:43:47 
######## ADD TARGET ###########
2024/03/18 10:43:47 Status: 400 Bad Request, Body: {
  "responseError": {
    "returnCode": "904",
    "returnMessage": "Please check your input value : [[not_found]]. Required format type : [number]. location : targetNoList.N"
  }
}
2024/03/18 10:59:43 
######## REQUEST TARGET LIST ###########
2024/03/18 10:59:43 target with name prod-hamonica-node-01 not found
2024/03/18 10:59:43 {
  "getTargetListResponse": {
    "totalRows": 1,
    "targetList": [
      {
        "targetNo": "20099956",
        "targetName": "prod-hamonica-admin",
        "targetIp": "192.168.5.11",
        "healthCheckStatus": {
          "code": "UP",
          "codeName": "Health UP state"
        },
        "healthCheckResponse": "HTTP/200"
      }
    ],
    "requestId": "39efc44b-6c0a-44f0-b6b6-e70b7a629f15",
    "returnCode": "0",
    "returnMessage": "success"
  }
}
2024/03/18 10:59:43 not_found
2024/03/18 10:59:43 
######## ADD TARGET ###########
2024/03/18 10:59:43 Status: 400 Bad Request, Body: {
  "responseError": {
    "returnCode": "904",
    "returnMessage": "Please check your input value : [[not_found]]. Required format type : [number]. location : targetNoList.N"
  }
}
2024/03/18 11:01:20 
######## ADD TARGET ###########
2024/03/18 11:01:20 Status: 400 Bad Request, Body: {
  "responseError": {
    "returnCode": "1200077",
    "returnMessage": "Cannot register the same target."
  }
}
2024/03/18 11:03:16 NO TARGET NO
2024/03/18 11:03:22 
######## REQUEST TARGET LIST ###########
2024/03/18 11:03:23 20099993
2024/03/18 11:03:23 
######## REMOVE TARGET ###########
2024/03/18 11:03:23 feeaadd3-622b-4347-b45c-43eda1c4273b
2024/03/18 11:03:23 0
2024/03/18 11:03:23 success
2024/03/18 11:03:29 NO TARGET NO
2024/03/18 11:04:27 
######## ADD TARGET ###########
2024/03/18 11:04:27 a925670b-4e19-4956-a44c-2d47cceee3ba
2024/03/18 11:04:27 0
2024/03/18 11:04:27 success
2024/03/18 11:16:53 
######## REQUEST TARGET LIST ###########
2024/03/18 11:16:53 20099993
2024/03/18 11:16:53 
######## REMOVE TARGET ###########
2024/03/18 11:16:53 b711c4ba-bb44-4d39-869c-2f7e9fb58043
2024/03/18 11:16:53 0
2024/03/18 11:16:53 success
2024/03/18 11:17:28 
######## REQUEST TARGET LIST ###########
2024/03/18 11:17:28 20099993
2024/03/18 11:17:28 
######## REMOVE TARGET ###########
2024/03/18 11:17:28 b50971b4-b214-4c06-8432-b95cb372c31f
2024/03/18 11:17:28 0
2024/03/18 11:17:28 success
2024/03/18 11:23:09 
######## REQUEST TARGET LIST ###########
2024/03/18 11:23:09 20099993
2024/03/18 11:23:09 
######## REMOVE TARGET ###########
2024/03/18 11:23:10 b645adb3-c53c-40b5-a4a9-7f01739fea1e
2024/03/18 11:23:10 0
2024/03/18 11:23:10 success
2024/03/18 11:23:19 TargetNo:20099993
2024/03/18 11:23:19 
######## ADD TARGET ###########
2024/03/18 11:23:19 f5f5bdcc-1b3e-420d-8656-5fed929e7d95
2024/03/18 11:23:19 0
2024/03/18 11:23:19 success
2024/03/18 11:23:33 
######## REQUEST TARGET LIST ###########
2024/03/18 11:23:33 20099993
2024/03/18 11:23:33 
######## REMOVE TARGET ###########
2024/03/18 11:23:33 771dca82-3c6b-47a0-9abb-5d58ea338f2d
2024/03/18 11:23:33 0
2024/03/18 11:23:33 success
2024/03/18 11:23:35 TargetNo:20099993
2024/03/18 11:23:35 
######## ADD TARGET ###########
2024/03/18 11:23:35 Status: 400 Bad Request, Body: {
  "responseError": {
    "returnCode": "1200004",
    "returnMessage": "This is not a load balancer in use."
  }
}
2024/03/18 11:23:49 TargetNo:20099993
2024/03/18 11:23:49 
######## ADD TARGET ###########
2024/03/18 11:23:49 45f14e1c-200f-44b9-b92b-103d74c55c40
2024/03/18 11:23:49 0
2024/03/18 11:23:49 success
2024/03/18 12:08:56 
######## REQUEST TARGET LIST ###########
2024/03/18 12:08:56 20099993
2024/03/18 12:08:56 
######## REMOVE TARGET ###########
2024/03/18 12:08:56 996e0a0e-ea13-48dd-952c-29cefa1760ff
2024/03/18 12:08:56 0
2024/03/18 12:08:56 success
2024/03/18 12:09:01 TargetNo:20099993
2024/03/18 12:09:01 
######## ADD TARGET ###########
2024/03/18 12:09:01 Status: 400 Bad Request, Body: {
  "responseError": {
    "returnCode": "1200004",
    "returnMessage": "This is not a load balancer in use."
  }
}
2024/03/18 12:09:02 TargetNo:20099993
2024/03/18 12:09:02 
######## ADD TARGET ###########
2024/03/18 12:09:02 834c1f7b-3767-4fa1-9929-b939e03c06a2
2024/03/18 12:09:02 0
2024/03/18 12:09:02 success
